[09:15:49] [ServerMain/INFO]: Environment: authHost='https://authserver.mojang.com', accountsHost='https://api.mojang.com', sessionHost='https://sessionserver.mojang.com', servicesHost='https://api.minecraftservices.com', name='PROD'
[09:15:51] [Worker-Main-1/ERROR]: Couldn't load tag enhanced_jewelry:non_climbable as it is missing following references: minecraft:short_grass (from file/Enhanced Jewelry-Data V1.4.2.zip)
[09:15:51] [ServerMain/INFO]: Loaded 7 recipes
[09:15:51] [ServerMain/ERROR]: Couldn't parse loot table minecraft:archaeology/ocean_ruin_warm
com.google.gson.JsonSyntaxException: Expected name to be an item, was unknown string 'minecraft:angler_pottery_sherd'
	at net.minecraft.util.GsonHelper.lambda$convertToItem$0(GsonHelper.java:106) ~[?:?]
	at java.util.Optional.orElseThrow(Optional.java:403) ~[?:?]
	at net.minecraft.util.GsonHelper.lambda$convertToItem$0(GsonHelper.java:106) ~[?:?]
	at net.minecraft.util.GsonHelper.getAsItem(GsonHelper.java:116) ~[?:?]
	at net.minecraft.world.level.storage.loot.entries.LootItem$Serializer.deserialize(LootItem.java:55) ~[?:?]
	at net.minecraft.world.level.storage.loot.entries.LootItem$Serializer.serializeCustom(LootItem.java:44) ~[?:?]
	at net.minecraft.world.level.storage.loot.entries.LootPoolSingletonContainer$Serializer.deserializeCustom(LootPoolSingletonContainer.java:173) ~[?:?]
	at net.minecraft.world.level.storage.loot.entries.LootPoolSingletonContainer$Serializer.b(LootPoolSingletonContainer.java:151) ~[?:?]
	at net.minecraft.world.level.storage.loot.entries.LootPoolEntryContainer$Serializer.deserialize(LootPoolEntryContainer.java:87) ~[?:?]
	at net.minecraft.world.level.storage.loot.entries.LootPoolSingletonContainer$Serializer.a(LootPoolSingletonContainer.java:151) ~[?:?]
	at net.minecraft.world.level.storage.loot.GsonAdapterFactory$JsonAdapter.deserialize(GsonAdapterFactory.java:97) ~[?:?]
	at com.google.gson.internal.bind.TreeTypeAdapter.read(TreeTypeAdapter.java:76) ~[gson-2.10.jar:?]
	at com.google.gson.internal.bind.TypeAdapterRuntimeTypeWrapper.read(TypeAdapterRuntimeTypeWrapper.java:40) ~[gson-2.10.jar:?]
	at com.google.gson.internal.bind.ArrayTypeAdapter.read(ArrayTypeAdapter.java:72) ~[gson-2.10.jar:?]
	at com.google.gson.Gson.fromJson(Gson.java:1214) ~[gson-2.10.jar:?]
	at com.google.gson.Gson.fromJson(Gson.java:1319) ~[gson-2.10.jar:?]
	at com.google.gson.Gson.fromJson(Gson.java:1290) ~[gson-2.10.jar:?]
	at com.google.gson.internal.bind.TreeTypeAdapter$GsonContextImpl.deserialize(TreeTypeAdapter.java:179) ~[gson-2.10.jar:?]
	at net.minecraft.util.GsonHelper.convertToObject(GsonHelper.java:374) ~[?:?]
	at net.minecraft.util.GsonHelper.getAsObject(GsonHelper.java:382) ~[?:?]
	at net.minecraft.world.level.storage.loot.LootPool$Serializer.deserialize(LootPool.java:172) ~[?:?]
	at net.minecraft.world.level.storage.loot.LootPool$Serializer.deserialize(LootPool.java:171) ~[?:?]
	at com.google.gson.internal.bind.TreeTypeAdapter.read(TreeTypeAdapter.java:76) ~[gson-2.10.jar:?]
	at com.google.gson.internal.bind.TypeAdapterRuntimeTypeWrapper.read(TypeAdapterRuntimeTypeWrapper.java:40) ~[gson-2.10.jar:?]
	at com.google.gson.internal.bind.ArrayTypeAdapter.read(ArrayTypeAdapter.java:72) ~[gson-2.10.jar:?]
	at com.google.gson.Gson.fromJson(Gson.java:1214) ~[gson-2.10.jar:?]
	at com.google.gson.Gson.fromJson(Gson.java:1319) ~[gson-2.10.jar:?]
	at com.google.gson.Gson.fromJson(Gson.java:1290) ~[gson-2.10.jar:?]
	at com.google.gson.internal.bind.TreeTypeAdapter$GsonContextImpl.deserialize(TreeTypeAdapter.java:179) ~[gson-2.10.jar:?]
	at net.minecraft.util.GsonHelper.convertToObject(GsonHelper.java:374) ~[?:?]
	at net.minecraft.util.GsonHelper.getAsObject(GsonHelper.java:391) ~[?:?]
	at net.minecraft.world.level.storage.loot.LootTable$Serializer.deserialize(LootTable.java:270) ~[?:?]
	at net.minecraft.world.level.storage.loot.LootTable$Serializer.deserialize(LootTable.java:264) ~[?:?]
	at com.google.gson.internal.bind.TreeTypeAdapter.read(TreeTypeAdapter.java:76) ~[gson-2.10.jar:?]
	at com.google.gson.Gson.fromJson(Gson.java:1214) ~[gson-2.10.jar:?]
	at com.google.gson.Gson.fromJson(Gson.java:1319) ~[gson-2.10.jar:?]
	at com.google.gson.Gson.fromJson(Gson.java:1261) ~[gson-2.10.jar:?]
	at net.minecraft.world.level.storage.loot.LootTables.lambda$apply$0(LootTables.java:47) ~[paper-1.19.4.jar:git-Paper-550]
	at java.util.HashMap.forEach(HashMap.java:1429) ~[?:?]
	at net.minecraft.world.level.storage.loot.LootTables.apply(LootTables.java:45) ~[paper-1.19.4.jar:git-Paper-550]
	at net.minecraft.world.level.storage.loot.LootTables.a(LootTables.java:20) ~[paper-1.19.4.jar:git-Paper-550]
	at net.minecraft.server.packs.resources.SimplePreparableReloadListener.lambda$reload$1(SimplePreparableReloadListener.java:10) ~[?:?]
	at java.util.concurrent.CompletableFuture$UniAccept.tryFire(CompletableFuture.java:718) ~[?:?]
	at java.util.concurrent.CompletableFuture$Completion.run(CompletableFuture.java:482) ~[?:?]
	at net.minecraft.server.packs.resources.SimpleReloadInstance.lambda$new$3(SimpleReloadInstance.java:66) ~[?:?]
	at net.minecraft.Util.blockUntilDone(Util.java:814) ~[?:?]
	at net.minecraft.Util.blockUntilDone(Util.java:803) ~[?:?]
	at net.minecraft.server.Main.main(Main.java:246) ~[paper-1.19.4.jar:git-Paper-550]
	at org.bukkit.craftbukkit.Main.main(Main.java:316) ~[paper-1.19.4.jar:git-Paper-550]
	at io.papermc.paperclip.Paperclip.lambda$main$0(Paperclip.java:42) ~[app:?]
	at java.lang.Thread.run(Thread.java:1583) ~[?:?]
[09:15:51] [ServerMain/ERROR]: Couldn't parse loot table minecraft:chests/ancient_city
com.google.gson.JsonSyntaxException: Expected name to be an item, was unknown string 'minecraft:silence_armor_trim_smithing_template'
	at net.minecraft.util.GsonHelper.lambda$convertToItem$0(GsonHelper.java:106) ~[?:?]
	at java.util.Optional.orElseThrow(Optional.java:403) ~[?:?]
	at net.minecraft.util.GsonHelper.lambda$convertToItem$0(GsonHelper.java:106) ~[?:?]
	at net.minecraft.util.GsonHelper.getAsItem(GsonHelper.java:116) ~[?:?]
	at net.minecraft.world.level.storage.loot.entries.LootItem$Serializer.deserialize(LootItem.java:55) ~[?:?]
	at net.minecraft.world.level.storage.loot.entries.LootItem$Serializer.serializeCustom(LootItem.java:44) ~[?:?]
	at net.minecraft.world.level.storage.loot.entries.LootPoolSingletonContainer$Serializer.deserializeCustom(LootPoolSingletonContainer.java:173) ~[?:?]
	at net.minecraft.world.level.storage.loot.entries.LootPoolSingletonContainer$Serializer.b(LootPoolSingletonContainer.java:151) ~[?:?]
	at net.minecraft.world.level.storage.loot.entries.LootPoolEntryContainer$Serializer.deserialize(LootPoolEntryContainer.java:87) ~[?:?]
	at net.minecraft.world.level.storage.loot.entries.LootPoolSingletonContainer$Serializer.a(LootPoolSingletonContainer.java:151) ~[?:?]
	at net.minecraft.world.level.storage.loot.GsonAdapterFactory$JsonAdapter.deserialize(GsonAdapterFactory.java:97) ~[?:?]
	at com.google.gson.internal.bind.TreeTypeAdapter.read(TreeTypeAdapter.java:76) ~[gson-2.10.jar:?]
	at com.google.gson.internal.bind.TypeAdapterRuntimeTypeWrapper.read(TypeAdapterRuntimeTypeWrapper.java:40) ~[gson-2.10.jar:?]
	at com.google.gson.internal.bind.ArrayTypeAdapter.read(ArrayTypeAdapter.java:72) ~[gson-2.10.jar:?]
	at com.google.gson.Gson.fromJson(Gson.java:1214) ~[gson-2.10.jar:?]
	at com.google.gson.Gson.fromJson(Gson.java:1319) ~[gson-2.10.jar:?]
	at com.google.gson.Gson.fromJson(Gson.java:1290) ~[gson-2.10.jar:?]
	at com.google.gson.internal.bind.TreeTypeAdapter$GsonContextImpl.deserialize(TreeTypeAdapter.java:179) ~[gson-2.10.jar:?]
	at net.minecraft.util.GsonHelper.convertToObject(GsonHelper.java:374) ~[?:?]
	at net.minecraft.util.GsonHelper.getAsObject(GsonHelper.java:382) ~[?:?]
	at net.minecraft.world.level.storage.loot.LootPool$Serializer.deserialize(LootPool.java:172) ~[?:?]
	at net.minecraft.world.level.storage.loot.LootPool$Serializer.deserialize(LootPool.java:171) ~[?:?]
	at com.google.gson.internal.bind.TreeTypeAdapter.read(TreeTypeAdapter.java:76) ~[gson-2.10.jar:?]
	at com.google.gson.internal.bind.TypeAdapterRuntimeTypeWrapper.read(TypeAdapterRuntimeTypeWrapper.java:40) ~[gson-2.10.jar:?]
	at com.google.gson.internal.bind.ArrayTypeAdapter.read(ArrayTypeAdapter.java:72) ~[gson-2.10.jar:?]
	at com.google.gson.Gson.fromJson(Gson.java:1214) ~[gson-2.10.jar:?]
	at com.google.gson.Gson.fromJson(Gson.java:1319) ~[gson-2.10.jar:?]
	at com.google.gson.Gson.fromJson(Gson.java:1290) ~[gson-2.10.jar:?]
	at com.google.gson.internal.bind.TreeTypeAdapter$GsonContextImpl.deserialize(TreeTypeAdapter.java:179) ~[gson-2.10.jar:?]
	at net.minecraft.util.GsonHelper.convertToObject(GsonHelper.java:374) ~[?:?]
	at net.minecraft.util.GsonHelper.getAsObject(GsonHelper.java:391) ~[?:?]
	at net.minecraft.world.level.storage.loot.LootTable$Serializer.deserialize(LootTable.java:270) ~[?:?]
	at net.minecraft.world.level.storage.loot.LootTable$Serializer.deserialize(LootTable.java:264) ~[?:?]
	at com.google.gson.internal.bind.TreeTypeAdapter.read(TreeTypeAdapter.java:76) ~[gson-2.10.jar:?]
	at com.google.gson.Gson.fromJson(Gson.java:1214) ~[gson-2.10.jar:?]
	at com.google.gson.Gson.fromJson(Gson.java:1319) ~[gson-2.10.jar:?]
	at com.google.gson.Gson.fromJson(Gson.java:1261) ~[gson-2.10.jar:?]
	at net.minecraft.world.level.storage.loot.LootTables.lambda$apply$0(LootTables.java:47) ~[paper-1.19.4.jar:git-Paper-550]
	at java.util.HashMap.forEach(HashMap.java:1429) ~[?:?]
	at net.minecraft.world.level.storage.loot.LootTables.apply(LootTables.java:45) ~[paper-1.19.4.jar:git-Paper-550]
	at net.minecraft.world.level.storage.loot.LootTables.a(LootTables.java:20) ~[paper-1.19.4.jar:git-Paper-550]
	at net.minecraft.server.packs.resources.SimplePreparableReloadListener.lambda$reload$1(SimplePreparableReloadListener.java:10) ~[?:?]
	at java.util.concurrent.CompletableFuture$UniAccept.tryFire(CompletableFuture.java:718) ~[?:?]
	at java.util.concurrent.CompletableFuture$Completion.run(CompletableFuture.java:482) ~[?:?]
	at net.minecraft.server.packs.resources.SimpleReloadInstance.lambda$new$3(SimpleReloadInstance.java:66) ~[?:?]
	at net.minecraft.Util.blockUntilDone(Util.java:814) ~[?:?]
	at net.minecraft.Util.blockUntilDone(Util.java:803) ~[?:?]
	at net.minecraft.server.Main.main(Main.java:246) ~[paper-1.19.4.jar:git-Paper-550]
	at org.bukkit.craftbukkit.Main.main(Main.java:316) ~[paper-1.19.4.jar:git-Paper-550]
	at io.papermc.paperclip.Paperclip.lambda$main$0(Paperclip.java:42) ~[app:?]
	at java.lang.Thread.run(Thread.java:1583) ~[?:?]
[09:15:51] [ServerMain/ERROR]: Couldn't parse loot table minecraft:archaeology/trail_ruins_rare
com.google.gson.JsonSyntaxException: Expected name to be an item, was unknown string 'minecraft:burn_pottery_sherd'
	at net.minecraft.util.GsonHelper.lambda$convertToItem$0(GsonHelper.java:106) ~[?:?]
	at java.util.Optional.orElseThrow(Optional.java:403) ~[?:?]
	at net.minecraft.util.GsonHelper.lambda$convertToItem$0(GsonHelper.java:106) ~[?:?]
	at net.minecraft.util.GsonHelper.getAsItem(GsonHelper.java:116) ~[?:?]
	at net.minecraft.world.level.storage.loot.entries.LootItem$Serializer.deserialize(LootItem.java:55) ~[?:?]
	at net.minecraft.world.level.storage.loot.entries.LootItem$Serializer.serializeCustom(LootItem.java:44) ~[?:?]
	at net.minecraft.world.level.storage.loot.entries.LootPoolSingletonContainer$Serializer.deserializeCustom(LootPoolSingletonContainer.java:173) ~[?:?]
	at net.minecraft.world.level.storage.loot.entries.LootPoolSingletonContainer$Serializer.b(LootPoolSingletonContainer.java:151) ~[?:?]
	at net.minecraft.world.level.storage.loot.entries.LootPoolEntryContainer$Serializer.deserialize(LootPoolEntryContainer.java:87) ~[?:?]
	at net.minecraft.world.level.storage.loot.entries.LootPoolSingletonContainer$Serializer.a(LootPoolSingletonContainer.java:151) ~[?:?]
	at net.minecraft.world.level.storage.loot.GsonAdapterFactory$JsonAdapter.deserialize(GsonAdapterFactory.java:97) ~[?:?]
	at com.google.gson.internal.bind.TreeTypeAdapter.read(TreeTypeAdapter.java:76) ~[gson-2.10.jar:?]
	at com.google.gson.internal.bind.TypeAdapterRuntimeTypeWrapper.read(TypeAdapterRuntimeTypeWrapper.java:40) ~[gson-2.10.jar:?]
	at com.google.gson.internal.bind.ArrayTypeAdapter.read(ArrayTypeAdapter.java:72) ~[gson-2.10.jar:?]
	at com.google.gson.Gson.fromJson(Gson.java:1214) ~[gson-2.10.jar:?]
	at com.google.gson.Gson.fromJson(Gson.java:1319) ~[gson-2.10.jar:?]
	at com.google.gson.Gson.fromJson(Gson.java:1290) ~[gson-2.10.jar:?]
	at com.google.gson.internal.bind.TreeTypeAdapter$GsonContextImpl.deserialize(TreeTypeAdapter.java:179) ~[gson-2.10.jar:?]
	at net.minecraft.util.GsonHelper.convertToObject(GsonHelper.java:374) ~[?:?]
	at net.minecraft.util.GsonHelper.getAsObject(GsonHelper.java:382) ~[?:?]
	at net.minecraft.world.level.storage.loot.LootPool$Serializer.deserialize(LootPool.java:172) ~[?:?]
	at net.minecraft.world.level.storage.loot.LootPool$Serializer.deserialize(LootPool.java:171) ~[?:?]
	at com.google.gson.internal.bind.TreeTypeAdapter.read(TreeTypeAdapter.java:76) ~[gson-2.10.jar:?]
	at com.google.gson.internal.bind.TypeAdapterRuntimeTypeWrapper.read(TypeAdapterRuntimeTypeWrapper.java:40) ~[gson-2.10.jar:?]
	at com.google.gson.internal.bind.ArrayTypeAdapter.read(ArrayTypeAdapter.java:72) ~[gson-2.10.jar:?]
	at com.google.gson.Gson.fromJson(Gson.java:1214) ~[gson-2.10.jar:?]
	at com.google.gson.Gson.fromJson(Gson.java:1319) ~[gson-2.10.jar:?]
	at com.google.gson.Gson.fromJson(Gson.java:1290) ~[gson-2.10.jar:?]
	at com.google.gson.internal.bind.TreeTypeAdapter$GsonContextImpl.deserialize(TreeTypeAdapter.java:179) ~[gson-2.10.jar:?]
	at net.minecraft.util.GsonHelper.convertToObject(GsonHelper.java:374) ~[?:?]
	at net.minecraft.util.GsonHelper.getAsObject(GsonHelper.java:391) ~[?:?]
	at net.minecraft.world.level.storage.loot.LootTable$Serializer.deserialize(LootTable.java:270) ~[?:?]
	at net.minecraft.world.level.storage.loot.LootTable$Serializer.deserialize(LootTable.java:264) ~[?:?]
	at com.google.gson.internal.bind.TreeTypeAdapter.read(TreeTypeAdapter.java:76) ~[gson-2.10.jar:?]
	at com.google.gson.Gson.fromJson(Gson.java:1214) ~[gson-2.10.jar:?]
	at com.google.gson.Gson.fromJson(Gson.java:1319) ~[gson-2.10.jar:?]
	at com.google.gson.Gson.fromJson(Gson.java:1261) ~[gson-2.10.jar:?]
	at net.minecraft.world.level.storage.loot.LootTables.lambda$apply$0(LootTables.java:47) ~[paper-1.19.4.jar:git-Paper-550]
	at java.util.HashMap.forEach(HashMap.java:1429) ~[?:?]
	at net.minecraft.world.level.storage.loot.LootTables.apply(LootTables.java:45) ~[paper-1.19.4.jar:git-Paper-550]
	at net.minecraft.world.level.storage.loot.LootTables.a(LootTables.java:20) ~[paper-1.19.4.jar:git-Paper-550]
	at net.minecraft.server.packs.resources.SimplePreparableReloadListener.lambda$reload$1(SimplePreparableReloadListener.java:10) ~[?:?]
	at java.util.concurrent.CompletableFuture$UniAccept.tryFire(CompletableFuture.java:718) ~[?:?]
	at java.util.concurrent.CompletableFuture$Completion.run(CompletableFuture.java:482) ~[?:?]
	at net.minecraft.server.packs.resources.SimpleReloadInstance.lambda$new$3(SimpleReloadInstance.java:66) ~[?:?]
	at net.minecraft.Util.blockUntilDone(Util.java:814) ~[?:?]
	at net.minecraft.Util.blockUntilDone(Util.java:803) ~[?:?]
	at net.minecraft.server.Main.main(Main.java:246) ~[paper-1.19.4.jar:git-Paper-550]
	at org.bukkit.craftbukkit.Main.main(Main.java:316) ~[paper-1.19.4.jar:git-Paper-550]
	at io.papermc.paperclip.Paperclip.lambda$main$0(Paperclip.java:42) ~[app:?]
	at java.lang.Thread.run(Thread.java:1583) ~[?:?]
[09:15:51] [ServerMain/ERROR]: Couldn't parse loot table minecraft:archaeology/ocean_ruin_cold
com.google.gson.JsonSyntaxException: Expected name to be an item, was unknown string 'minecraft:blade_pottery_sherd'
	at net.minecraft.util.GsonHelper.lambda$convertToItem$0(GsonHelper.java:106) ~[?:?]
	at java.util.Optional.orElseThrow(Optional.java:403) ~[?:?]
	at net.minecraft.util.GsonHelper.lambda$convertToItem$0(GsonHelper.java:106) ~[?:?]
	at net.minecraft.util.GsonHelper.getAsItem(GsonHelper.java:116) ~[?:?]
	at net.minecraft.world.level.storage.loot.entries.LootItem$Serializer.deserialize(LootItem.java:55) ~[?:?]
	at net.minecraft.world.level.storage.loot.entries.LootItem$Serializer.serializeCustom(LootItem.java:44) ~[?:?]
	at net.minecraft.world.level.storage.loot.entries.LootPoolSingletonContainer$Serializer.deserializeCustom(LootPoolSingletonContainer.java:173) ~[?:?]
	at net.minecraft.world.level.storage.loot.entries.LootPoolSingletonContainer$Serializer.b(LootPoolSingletonContainer.java:151) ~[?:?]
	at net.minecraft.world.level.storage.loot.entries.LootPoolEntryContainer$Serializer.deserialize(LootPoolEntryContainer.java:87) ~[?:?]
	at net.minecraft.world.level.storage.loot.entries.LootPoolSingletonContainer$Serializer.a(LootPoolSingletonContainer.java:151) ~[?:?]
	at net.minecraft.world.level.storage.loot.GsonAdapterFactory$JsonAdapter.deserialize(GsonAdapterFactory.java:97) ~[?:?]
	at com.google.gson.internal.bind.TreeTypeAdapter.read(TreeTypeAdapter.java:76) ~[gson-2.10.jar:?]
	at com.google.gson.internal.bind.TypeAdapterRuntimeTypeWrapper.read(TypeAdapterRuntimeTypeWrapper.java:40) ~[gson-2.10.jar:?]
	at com.google.gson.internal.bind.ArrayTypeAdapter.read(ArrayTypeAdapter.java:72) ~[gson-2.10.jar:?]
	at com.google.gson.Gson.fromJson(Gson.java:1214) ~[gson-2.10.jar:?]
	at com.google.gson.Gson.fromJson(Gson.java:1319) ~[gson-2.10.jar:?]
	at com.google.gson.Gson.fromJson(Gson.java:1290) ~[gson-2.10.jar:?]
	at com.google.gson.internal.bind.TreeTypeAdapter$GsonContextImpl.deserialize(TreeTypeAdapter.java:179) ~[gson-2.10.jar:?]
	at net.minecraft.util.GsonHelper.convertToObject(GsonHelper.java:374) ~[?:?]
	at net.minecraft.util.GsonHelper.getAsObject(GsonHelper.java:382) ~[?:?]
	at net.minecraft.world.level.storage.loot.LootPool$Serializer.deserialize(LootPool.java:172) ~[?:?]
	at net.minecraft.world.level.storage.loot.LootPool$Serializer.deserialize(LootPool.java:171) ~[?:?]
	at com.google.gson.internal.bind.TreeTypeAdapter.read(TreeTypeAdapter.java:76) ~[gson-2.10.jar:?]
	at com.google.gson.internal.bind.TypeAdapterRuntimeTypeWrapper.read(TypeAdapterRuntimeTypeWrapper.java:40) ~[gson-2.10.jar:?]
	at com.google.gson.internal.bind.ArrayTypeAdapter.read(ArrayTypeAdapter.java:72) ~[gson-2.10.jar:?]
	at com.google.gson.Gson.fromJson(Gson.java:1214) ~[gson-2.10.jar:?]
	at com.google.gson.Gson.fromJson(Gson.java:1319) ~[gson-2.10.jar:?]
	at com.google.gson.Gson.fromJson(Gson.java:1290) ~[gson-2.10.jar:?]
	at com.google.gson.internal.bind.TreeTypeAdapter$GsonContextImpl.deserialize(TreeTypeAdapter.java:179) ~[gson-2.10.jar:?]
	at net.minecraft.util.GsonHelper.convertToObject(GsonHelper.java:374) ~[?:?]
	at net.minecraft.util.GsonHelper.getAsObject(GsonHelper.java:391) ~[?:?]
	at net.minecraft.world.level.storage.loot.LootTable$Serializer.deserialize(LootTable.java:270) ~[?:?]
	at net.minecraft.world.level.storage.loot.LootTable$Serializer.deserialize(LootTable.java:264) ~[?:?]
	at com.google.gson.internal.bind.TreeTypeAdapter.read(TreeTypeAdapter.java:76) ~[gson-2.10.jar:?]
	at com.google.gson.Gson.fromJson(Gson.java:1214) ~[gson-2.10.jar:?]
	at com.google.gson.Gson.fromJson(Gson.java:1319) ~[gson-2.10.jar:?]
	at com.google.gson.Gson.fromJson(Gson.java:1261) ~[gson-2.10.jar:?]
	at net.minecraft.world.level.storage.loot.LootTables.lambda$apply$0(LootTables.java:47) ~[paper-1.19.4.jar:git-Paper-550]
	at java.util.HashMap.forEach(HashMap.java:1429) ~[?:?]
	at net.minecraft.world.level.storage.loot.LootTables.apply(LootTables.java:45) ~[paper-1.19.4.jar:git-Paper-550]
	at net.minecraft.world.level.storage.loot.LootTables.a(LootTables.java:20) ~[paper-1.19.4.jar:git-Paper-550]
	at net.minecraft.server.packs.resources.SimplePreparableReloadListener.lambda$reload$1(SimplePreparableReloadListener.java:10) ~[?:?]
	at java.util.concurrent.CompletableFuture$UniAccept.tryFire(CompletableFuture.java:718) ~[?:?]
	at java.util.concurrent.CompletableFuture$Completion.run(CompletableFuture.java:482) ~[?:?]
	at net.minecraft.server.packs.resources.SimpleReloadInstance.lambda$new$3(SimpleReloadInstance.java:66) ~[?:?]
	at net.minecraft.Util.blockUntilDone(Util.java:814) ~[?:?]
	at net.minecraft.Util.blockUntilDone(Util.java:803) ~[?:?]
	at net.minecraft.server.Main.main(Main.java:246) ~[paper-1.19.4.jar:git-Paper-550]
	at org.bukkit.craftbukkit.Main.main(Main.java:316) ~[paper-1.19.4.jar:git-Paper-550]
	at io.papermc.paperclip.Paperclip.lambda$main$0(Paperclip.java:42) ~[app:?]
	at java.lang.Thread.run(Thread.java:1583) ~[?:?]
[09:15:51] [ServerMain/ERROR]: Couldn't parse loot table minecraft:archaeology/desert_pyramid
com.google.gson.JsonSyntaxException: Expected name to be an item, was unknown string 'minecraft:archer_pottery_sherd'
	at net.minecraft.util.GsonHelper.lambda$convertToItem$0(GsonHelper.java:106) ~[?:?]
	at java.util.Optional.orElseThrow(Optional.java:403) ~[?:?]
	at net.minecraft.util.GsonHelper.lambda$convertToItem$0(GsonHelper.java:106) ~[?:?]
	at net.minecraft.util.GsonHelper.getAsItem(GsonHelper.java:116) ~[?:?]
	at net.minecraft.world.level.storage.loot.entries.LootItem$Serializer.deserialize(LootItem.java:55) ~[?:?]
	at net.minecraft.world.level.storage.loot.entries.LootItem$Serializer.serializeCustom(LootItem.java:44) ~[?:?]
	at net.minecraft.world.level.storage.loot.entries.LootPoolSingletonContainer$Serializer.deserializeCustom(LootPoolSingletonContainer.java:173) ~[?:?]
	at net.minecraft.world.level.storage.loot.entries.LootPoolSingletonContainer$Serializer.b(LootPoolSingletonContainer.java:151) ~[?:?]
	at net.minecraft.world.level.storage.loot.entries.LootPoolEntryContainer$Serializer.deserialize(LootPoolEntryContainer.java:87) ~[?:?]
	at net.minecraft.world.level.storage.loot.entries.LootPoolSingletonContainer$Serializer.a(LootPoolSingletonContainer.java:151) ~[?:?]
	at net.minecraft.world.level.storage.loot.GsonAdapterFactory$JsonAdapter.deserialize(GsonAdapterFactory.java:97) ~[?:?]
	at com.google.gson.internal.bind.TreeTypeAdapter.read(TreeTypeAdapter.java:76) ~[gson-2.10.jar:?]
	at com.google.gson.internal.bind.TypeAdapterRuntimeTypeWrapper.read(TypeAdapterRuntimeTypeWrapper.java:40) ~[gson-2.10.jar:?]
	at com.google.gson.internal.bind.ArrayTypeAdapter.read(ArrayTypeAdapter.java:72) ~[gson-2.10.jar:?]
	at com.google.gson.Gson.fromJson(Gson.java:1214) ~[gson-2.10.jar:?]
	at com.google.gson.Gson.fromJson(Gson.java:1319) ~[gson-2.10.jar:?]
	at com.google.gson.Gson.fromJson(Gson.java:1290) ~[gson-2.10.jar:?]
	at com.google.gson.internal.bind.TreeTypeAdapter$GsonContextImpl.deserialize(TreeTypeAdapter.java:179) ~[gson-2.10.jar:?]
	at net.minecraft.util.GsonHelper.convertToObject(GsonHelper.java:374) ~[?:?]
	at net.minecraft.util.GsonHelper.getAsObject(GsonHelper.java:382) ~[?:?]
	at net.minecraft.world.level.storage.loot.LootPool$Serializer.deserialize(LootPool.java:172) ~[?:?]
	at net.minecraft.world.level.storage.loot.LootPool$Serializer.deserialize(LootPool.java:171) ~[?:?]
	at com.google.gson.internal.bind.TreeTypeAdapter.read(TreeTypeAdapter.java:76) ~[gson-2.10.jar:?]
	at com.google.gson.internal.bind.TypeAdapterRuntimeTypeWrapper.read(TypeAdapterRuntimeTypeWrapper.java:40) ~[gson-2.10.jar:?]
	at com.google.gson.internal.bind.ArrayTypeAdapter.read(ArrayTypeAdapter.java:72) ~[gson-2.10.jar:?]
	at com.google.gson.Gson.fromJson(Gson.java:1214) ~[gson-2.10.jar:?]
	at com.google.gson.Gson.fromJson(Gson.java:1319) ~[gson-2.10.jar:?]
	at com.google.gson.Gson.fromJson(Gson.java:1290) ~[gson-2.10.jar:?]
	at com.google.gson.internal.bind.TreeTypeAdapter$GsonContextImpl.deserialize(TreeTypeAdapter.java:179) ~[gson-2.10.jar:?]
	at net.minecraft.util.GsonHelper.convertToObject(GsonHelper.java:374) ~[?:?]
	at net.minecraft.util.GsonHelper.getAsObject(GsonHelper.java:391) ~[?:?]
	at net.minecraft.world.level.storage.loot.LootTable$Serializer.deserialize(LootTable.java:270) ~[?:?]
	at net.minecraft.world.level.storage.loot.LootTable$Serializer.deserialize(LootTable.java:264) ~[?:?]
	at com.google.gson.internal.bind.TreeTypeAdapter.read(TreeTypeAdapter.java:76) ~[gson-2.10.jar:?]
	at com.google.gson.Gson.fromJson(Gson.java:1214) ~[gson-2.10.jar:?]
	at com.google.gson.Gson.fromJson(Gson.java:1319) ~[gson-2.10.jar:?]
	at com.google.gson.Gson.fromJson(Gson.java:1261) ~[gson-2.10.jar:?]
	at net.minecraft.world.level.storage.loot.LootTables.lambda$apply$0(LootTables.java:47) ~[paper-1.19.4.jar:git-Paper-550]
	at java.util.HashMap.forEach(HashMap.java:1429) ~[?:?]
	at net.minecraft.world.level.storage.loot.LootTables.apply(LootTables.java:45) ~[paper-1.19.4.jar:git-Paper-550]
	at net.minecraft.world.level.storage.loot.LootTables.a(LootTables.java:20) ~[paper-1.19.4.jar:git-Paper-550]
	at net.minecraft.server.packs.resources.SimplePreparableReloadListener.lambda$reload$1(SimplePreparableReloadListener.java:10) ~[?:?]
	at java.util.concurrent.CompletableFuture$UniAccept.tryFire(CompletableFuture.java:718) ~[?:?]
	at java.util.concurrent.CompletableFuture$Completion.run(CompletableFuture.java:482) ~[?:?]
	at net.minecraft.server.packs.resources.SimpleReloadInstance.lambda$new$3(SimpleReloadInstance.java:66) ~[?:?]
	at net.minecraft.Util.blockUntilDone(Util.java:814) ~[?:?]
	at net.minecraft.Util.blockUntilDone(Util.java:803) ~[?:?]
	at net.minecraft.server.Main.main(Main.java:246) ~[paper-1.19.4.jar:git-Paper-550]
	at org.bukkit.craftbukkit.Main.main(Main.java:316) ~[paper-1.19.4.jar:git-Paper-550]
	at io.papermc.paperclip.Paperclip.lambda$main$0(Paperclip.java:42) ~[app:?]
	at java.lang.Thread.run(Thread.java:1583) ~[?:?]
[09:15:52] [ServerMain/WARN]: Not all defined tags for registry ResourceKey[minecraft:root / minecraft:block] are present in data pack: enhanced_jewelry:non_climbable
[09:15:52] [Server thread/INFO]: Starting minecraft server version 1.19.4
[09:15:52] [Server thread/INFO]: Loading properties
[09:15:52] [Server thread/INFO]: This server is running Paper version git-Paper-550 (MC: 1.19.4) (Implementing API version 1.19.4-R0.1-SNAPSHOT) (Git: 483368e on ver/1.19.4)
[09:15:52] [Server thread/INFO]: Server Ping Player Sample Count: 12
[09:15:52] [Server thread/INFO]: Using 4 threads for Netty based IO
[09:15:52] [Server thread/WARN]: [!] The timings profiler has been enabled but has been scheduled for removal from Paper in the future.
    We recommend installing the spark profiler as a replacement: https://spark.lucko.me/
    For more information please visit: https://github.com/PaperMC/Paper/issues/8948
[09:15:52] [Server thread/INFO]: [ChunkTaskScheduler] Chunk system is using 1 I/O threads, 1 worker threads, and gen parallelism of 1 threads
[09:15:52] [Server thread/INFO]: Default game type: SURVIVAL
[09:15:52] [Server thread/INFO]: Generating keypair
[09:15:53] [Server thread/INFO]: Starting Minecraft server on *:25565
[09:15:53] [Server thread/INFO]: Using epoll channel type
[09:15:53] [Server thread/INFO]: Paper: Using libdeflate (Linux x86_64) compression from Velocity.
[09:15:53] [Server thread/INFO]: Paper: Using OpenSSL 1.1.x (Linux x86_64) cipher from Velocity.
[09:15:53] [Server thread/INFO]: [SpigotLibraryLoader] [ProdigyNightclub] Loading 1 libraries... please wait
[09:15:54] [Server thread/INFO]: [SpigotLibraryLoader] [ProdigyNightclub] Loaded library /workspaces/bruh/libraries/xyz/xenondevs/particle/1.8.3/particle-1.8.3.jar
[09:15:54] [Server thread/INFO]: [SpigotLibraryLoader] [ModelEngine] Loading 3 libraries... please wait
[09:15:54] [Server thread/INFO]: [SpigotLibraryLoader] [ModelEngine] Loaded library /workspaces/bruh/libraries/net/kyori/adventure-api/4.14.0/adventure-api-4.14.0.jar
[09:15:54] [Server thread/INFO]: [SpigotLibraryLoader] [ModelEngine] Loaded library /workspaces/bruh/libraries/net/kyori/adventure-key/4.14.0/adventure-key-4.14.0.jar
[09:15:54] [Server thread/INFO]: [SpigotLibraryLoader] [ModelEngine] Loaded library /workspaces/bruh/libraries/net/kyori/examination-api/1.3.0/examination-api-1.3.0.jar
[09:15:54] [Server thread/INFO]: [SpigotLibraryLoader] [ModelEngine] Loaded library /workspaces/bruh/libraries/net/kyori/examination-string/1.3.0/examination-string-1.3.0.jar
[09:15:54] [Server thread/INFO]: [SpigotLibraryLoader] [ModelEngine] Loaded library /workspaces/bruh/libraries/org/jetbrains/annotations/24.0.1/annotations-24.0.1.jar
[09:15:54] [Server thread/INFO]: [SpigotLibraryLoader] [ModelEngine] Loaded library /workspaces/bruh/libraries/net/kyori/adventure-text-serializer-gson/4.14.0/adventure-text-serializer-gson-4.14.0.jar
[09:15:54] [Server thread/INFO]: [SpigotLibraryLoader] [ModelEngine] Loaded library /workspaces/bruh/libraries/net/kyori/adventure-text-serializer-json/4.14.0/adventure-text-serializer-json-4.14.0.jar
[09:15:54] [Server thread/INFO]: [SpigotLibraryLoader] [ModelEngine] Loaded library /workspaces/bruh/libraries/com/google/code/gson/gson/2.8.0/gson-2.8.0.jar
[09:15:54] [Server thread/INFO]: [SpigotLibraryLoader] [ModelEngine] Loaded library /workspaces/bruh/libraries/net/kyori/adventure-text-serializer-bungeecord/4.3.0/adventure-text-serializer-bungeecord-4.3.0.jar
[09:15:54] [Server thread/INFO]: [SpigotLibraryLoader] [ModelEngine] Loaded library /workspaces/bruh/libraries/net/kyori/adventure-text-serializer-legacy/4.13.0/adventure-text-serializer-legacy-4.13.0.jar
[09:15:54] [Server thread/INFO]: [ViaVersion] Loading server plugin ViaVersion v5.0.1
[09:15:54] [Server thread/INFO]: [ViaVersion] ViaVersion 5.0.1 is now loaded. Registering protocol transformers and injecting...
[09:15:54] [Via-Mappingloader-0/INFO]: [ViaVersion] Loading block connection mappings ...
[09:15:54] [Via-Mappingloader-0/INFO]: [ViaVersion] Using FastUtil Long2ObjectOpenHashMap for block connections
[09:15:54] [Server thread/INFO]: [ViaBackwards] Loading translations...
[09:15:54] [Server thread/INFO]: [ViaBackwards] Registering protocols...
[09:15:55] [Server thread/INFO]: [LuckPerms] Loading server plugin LuckPerms v5.4.116
[09:15:55] [Server thread/INFO]: [Vault] Loading server plugin Vault v1.7.3-b131
[09:15:55] [Server thread/INFO]: [ProtocolLib] Loading server plugin ProtocolLib v5.2.0-SNAPSHOT-679
[09:15:56] [Server thread/INFO]: [WorldEdit] Loading server plugin WorldEdit v7.3.0+6678-55745ad
[09:15:57] [Server thread/INFO]: Got request to register class com.sk89q.worldedit.bukkit.BukkitServerInterface with WorldEdit [com.sk89q.worldedit.extension.platform.PlatformManager@76447684]
[09:15:57] [Server thread/INFO]: [BKCommonLib] Loading server plugin BKCommonLib v1.20.6-v1
[09:15:59] [Server thread/WARN]: [org.bukkit.craftbukkit.v1_19_R3.legacy.CraftLegacy] Initializing Legacy Material Support. Unless you have legacy plugins and/or data this is a bug!
[09:16:03] [Server thread/INFO]: [WorldGuard] Loading server plugin WorldGuard v7.0.8+33cdb4a
[09:16:03] [Server thread/INFO]: [Essentials] Loading server plugin Essentials v2.20.1
[09:16:03] [Server thread/INFO]: [Train_Carts] Loading server plugin Train_Carts v1.20.6-v1
[09:16:03] [Server thread/INFO]: [Train_Carts] 0 detector rail regions loaded covering 0 blocks
[09:16:03] [Server thread/INFO]: [FurnitureLib] Loading server plugin FurnitureLib v3.2.2
[09:16:03] [Server thread/INFO]: [MythicMobs] Loading server plugin MythicMobs v5.6.2-3e052553
[09:16:03] [Server thread/INFO]: [LumineUtils] (io.lumine.mythic.bukkit.utils.) is bound to plugin MythicMobs - io.lumine.mythic.bukkit.MythicBukkit
[09:16:03] [Server thread/INFO]: [MythicMobs] §4M§6y§6t§6h§2i§2c§2 §3E§3n§1a§1b§1l§5e§5d§4![0m
[09:16:03] [Server thread/INFO]: [ViaBackwards] Loading server plugin ViaBackwards v5.0.1
[09:16:03] [Server thread/INFO]: [ProdigyNightclub] Loading server plugin ProdigyNightclub v3.1.2
[09:16:03] [Server thread/INFO]: [OpenAudioMc] Loading server plugin OpenAudioMc v6.10.2
[09:16:03] [Server thread/INFO]: [InvisibleItemFrames] Loading server plugin InvisibleItemFrames v2.16.1
[09:16:03] [Server thread/INFO]: [DiceFurniture] Loading server plugin DiceFurniture v3.9.2
[09:16:03] [Server thread/INFO]: [ImageFrame] Loading server plugin ImageFrame v1.7.10.0
[09:16:03] [Server thread/INFO]: [TCCoasters] Loading server plugin TCCoasters v1.20.6-v1
[09:16:03] [Server thread/INFO]: [ModelEngine] Loading server plugin ModelEngine vR4.0.6
[09:16:03] [Server thread/INFO]: [CommandBlockAsPlayer] Loading server plugin CommandBlockAsPlayer v1.19.2.a.2
[09:16:03] [Server thread/INFO]: [MythicCrucible] Loading server plugin MythicCrucible v2.0.0-SNAPSHOT
[09:16:03] [Server thread/INFO]: [SkinsRestorer] Loading server plugin SkinsRestorer v15.0.15
[09:16:03] [Server thread/INFO]: [EssentialsChat] Loading server plugin EssentialsChat v2.20.1
[09:16:03] [Server thread/INFO]: [EssentialsSpawn] Loading server plugin EssentialsSpawn v2.20.1
[09:16:03] [Server thread/INFO]: [GSit] Loading server plugin GSit v1.9.5
[09:16:03] [Server thread/INFO]: [MythicLib] Loading server plugin MythicLib v1.6.1
[09:16:03] [Server thread/INFO]: [MythicLib] Plugin file is called 'MythicLib-1.6.1.jar'
[09:16:03] [Server thread/INFO]: [MythicLib] Detected Bukkit Version: v1_19_R3
[09:16:04] [Server thread/INFO]: [MythicLib] Hooked onto WorldGuard
[09:16:04] [Server thread/INFO]: Server permissions file permissions.yml is empty, ignoring it
[09:16:04] [Server thread/INFO]: [LuckPerms] Enabling LuckPerms v5.4.116
[09:16:04] [Server thread/INFO]:         __    
[09:16:04] [Server thread/INFO]:   |    |__)   LuckPerms v5.4.116
[09:16:04] [Server thread/INFO]:   |___ |      Running on Bukkit - Paper
[09:16:04] [Server thread/INFO]: 
[09:16:04] [Server thread/INFO]: [LuckPerms] Loading configuration...
[09:16:04] [Server thread/INFO]: [LuckPerms] Loading storage provider... [H2]
[09:16:05] [Server thread/INFO]: [LuckPerms] Loading internal permission managers...
[09:16:05] [Server thread/INFO]: [LuckPerms] Performing initial data load...
[09:16:05] [Server thread/INFO]: [LuckPerms] Successfully enabled. (took 1691ms)
[09:16:05] [Server thread/INFO]: [Vault] Enabling Vault v1.7.3-b131
[09:16:05] [Server thread/INFO]: [Vault] [Economy] Essentials Economy found: Waiting
[09:16:05] [Server thread/INFO]: [Vault] [Permission] SuperPermissions loaded as backup permission system.
[09:16:05] [Server thread/INFO]: [Vault] Enabled Version 1.7.3-b131
[09:16:05] [Server thread/INFO]: [LuckPerms] Registered Vault permission & chat hook.
[09:16:05] [Server thread/INFO]: [ProtocolLib] Enabling ProtocolLib v5.2.0-SNAPSHOT-679
[09:16:05] [Server thread/INFO]: [WorldEdit] Enabling WorldEdit v7.3.0+6678-55745ad
[09:16:05] [Server thread/INFO]: Registering commands with com.sk89q.worldedit.bukkit.BukkitServerInterface
[09:16:06] [Server thread/INFO]: WEPIF: Vault detected! Using Vault for permissions
[09:16:06] [Server thread/INFO]: Using com.sk89q.worldedit.bukkit.adapter.impl.v1_19_R3.PaperweightAdapter as the Bukkit adapter
[09:16:07] [Server thread/INFO]: [BKCommonLib] Enabling BKCommonLib v1.20.6-v1
[09:16:07] [Server thread/INFO]: [BKCommonLib] BKCommonLib is running on Paper (git-Paper-550) : v1_19_R3 (Minecraft 1.19.4)
[09:16:07] [Server thread/INFO]: [BKCommonLib.Network] Now using the ProtocolLib library to provide Packet Listener and Monitor support
[09:16:07] [Server thread/INFO]: [BKCommonLib] [RegionChangeTracker] Region block changes will be notified from WorldEdit (>= v7.0.0)
[09:16:08] [Server thread/INFO]: [BKCommonLib] Providing support for supporting the unsupportable.
[09:16:08] [Server thread/INFO]: [BKCommonLib] BKCommonLib version 1.20.6-v1 (build: 1749) enabled! (0.942s)
[09:16:08] [Server thread/INFO]: [ModelEngine] Enabling ModelEngine vR4.0.6
[09:16:08] [Server thread/INFO]: [SkinsRestorer] Enabling SkinsRestorer v15.0.15
[09:16:08] [Server thread/INFO]: [33;1m[[32;22mSkinsRestorer[33;1m] [0;39m[32;1mRunning on Minecraft [33;1m1.19.4[32;1m.[0;39m
[09:16:09] [Server thread/INFO]: [33;1m[[32;22mSkinsRestorer[33;1m] [0;39mUsing paper join listener![0;39m
[09:16:09] [Server thread/WARN]: **** SERVER IS RUNNING IN OFFLINE/INSECURE MODE!
[09:16:09] [Server thread/WARN]: The server will make no attempt to authenticate usernames. Beware.
[09:16:09] [Server thread/WARN]: While this makes the game possible to play without internet access, it also opens up the ability for hackers to connect with any username they choose.
[09:16:09] [Server thread/WARN]: To change this, set "online-mode" to "true" in the server.properties file.
[09:16:09] [Server thread/INFO]: Preparing level "world"
[09:16:10] [Server thread/INFO]: Preparing start region for dimension minecraft:overworld
[09:16:10] [Server thread/INFO]: Time elapsed: 172 ms
[09:16:10] [Server thread/INFO]: Preparing start region for dimension minecraft:the_nether
[09:16:10] [Server thread/INFO]: Time elapsed: 59 ms
[09:16:10] [Server thread/INFO]: Preparing start region for dimension minecraft:the_end
[09:16:10] [Server thread/INFO]: Time elapsed: 51 ms
[09:16:10] [Server thread/INFO]: [ViaVersion] Enabling ViaVersion v5.0.1
[09:16:10] [Server thread/INFO]: [ViaVersion] ViaVersion detected server version: 1.19.4 (762)
[09:16:10] [Server thread/INFO]: [BKCommonLib] ViaVersion detected, will use it to detect player game versions
[09:16:10] [Server thread/INFO]: [ModelEngine] [S] Compatibility applied: ViaVersion[0m
[09:16:10] [Server thread/INFO]: [WorldGuard] Enabling WorldGuard v7.0.8+33cdb4a
[09:16:10] [Server thread/INFO]: [WorldGuard] (world) TNT ignition is PERMITTED.
[09:16:10] [Server thread/INFO]: [WorldGuard] (world) Lighters are PERMITTED.
[09:16:10] [Server thread/INFO]: [WorldGuard] (world) Lava fire is PERMITTED.
[09:16:10] [Server thread/INFO]: [WorldGuard] (world) Fire spread is UNRESTRICTED.
[09:16:10] [Server thread/INFO]: [WorldGuard] Loaded configuration for world 'world'
[09:16:10] [Server thread/INFO]: [WorldGuard] (world_nether) TNT ignition is PERMITTED.
[09:16:10] [Server thread/INFO]: [WorldGuard] (world_nether) Lighters are PERMITTED.
[09:16:10] [Server thread/INFO]: [WorldGuard] (world_nether) Lava fire is PERMITTED.
[09:16:10] [Server thread/INFO]: [WorldGuard] (world_nether) Fire spread is UNRESTRICTED.
[09:16:10] [Server thread/INFO]: [WorldGuard] Loaded configuration for world 'world_nether'
[09:16:10] [Server thread/INFO]: [WorldGuard] (world_the_end) TNT ignition is PERMITTED.
[09:16:10] [Server thread/INFO]: [WorldGuard] (world_the_end) Lighters are PERMITTED.
[09:16:10] [Server thread/INFO]: [WorldGuard] (world_the_end) Lava fire is PERMITTED.
[09:16:10] [Server thread/INFO]: [WorldGuard] (world_the_end) Fire spread is UNRESTRICTED.
[09:16:10] [Server thread/INFO]: [WorldGuard] Loaded configuration for world 'world_the_end'
[09:16:10] [Server thread/INFO]: [WorldGuard] Loading region data...
[09:16:11] [Server thread/INFO]: [Essentials] Enabling Essentials v2.20.1
[09:16:11] [Server thread/INFO]: [Essentials] Attempting to convert old kits in config.yml to new kits.yml
[09:16:11] [Server thread/INFO]: [Essentials] No kits found to migrate.
[09:16:11] [Server thread/INFO]: [Essentials] Starting Essentials ban format conversion
[09:16:11] [Server thread/INFO]: [Essentials] Attempting to migrate ignore list to UUIDs
[09:16:11] [Server thread/INFO]: [Essentials] Attempting to migrate legacy userdata keys to Configurate
[09:16:12] [Server thread/INFO]: [Essentials] Loaded 39094 items from items.json.
[09:16:12] [Server thread/INFO]: [Essentials] Using locale en
[09:16:12] [Server thread/INFO]: [Essentials] ServerListPingEvent: Spigot iterator API
[09:16:12] [Server thread/INFO]: [Essentials] Starting Metrics. Opt-out using the global bStats config.
[09:16:12] [Server thread/INFO]: [Vault] [Economy] Essentials Economy hooked.
[09:16:12] [Server thread/INFO]: [Essentials] Using Vault based permissions (LuckPerms)
[09:16:12] [Server thread/INFO]: [Train_Carts] Enabling Train_Carts v1.20.6-v1
[09:16:17] [Server thread/INFO]: [Train_Carts] [Resource Pack Models] Loading resource pack item model lists
[09:16:18] [Server thread/INFO]: [Train_Carts] 1 Train has been loaded in 1 world. (6 Minecarts)
[09:16:18] [Server thread/INFO]: [Train_Carts] Restoring trains and loading nearby chunks...
[09:16:20] [Server thread/INFO]: [Train_Carts] Train_Carts version 1.20.6-v1 (build: 1572) enabled! (8.041s)
[09:16:20] [Server thread/INFO]: [Train_Carts] Support for Economy plugin 'Essentials' enabled
[09:16:20] [Server thread/INFO]: [FurnitureLib] Enabling FurnitureLib v3.2.2
[09:16:20] [Server thread/INFO]: ==========================================
[09:16:20] [Server thread/INFO]: FurnitureLib Version: 3.2.2
[09:16:20] [Server thread/INFO]: Furniture Author: Ste3et_C0st
[09:16:20] [Server thread/INFO]: Furniture Website: https://dicecraft.de/furniture/
[09:16:20] [Server thread/INFO]: Furniture find ProtectionLib: false
[09:16:20] [Server thread/INFO]: [FurnitureLib] FurnitureLib use FurnitureLib-Paper module
[09:16:20] [Server thread/INFO]: [de.Ste3et_C0st.FurnitureLib.Database.com.zaxxer.hikari.HikariDataSource] FurnitureLib - Starting...
[09:16:20] [Server thread/INFO]: [de.Ste3et_C0st.FurnitureLib.Database.com.zaxxer.hikari.HikariDataSource] FurnitureLib - Start completed.
[09:16:20] [Server thread/INFO]: [FurnitureLib] FurnitureLib Started SQLite database. Took 28ms
[09:16:20] [Server thread/INFO]: [FurnitureLib] FurnitureLib try to load models for world (world)
[09:16:21] [Server thread/INFO]: [FurnitureLib] FurnitureLib load 85 models with 982 entities
[09:16:21] [Server thread/INFO]: [FurnitureLib] With avg speed of 5.11 FurnitureModel/ms
[09:16:21] [Server thread/INFO]: [FurnitureLib] It takes: 00:00.436
[09:16:21] [Server thread/INFO]: [FurnitureLib] FurnitureLib try to load models for world (world_nether)
[09:16:21] [Server thread/INFO]: [FurnitureLib] No Models are found in world: world_nether
[09:16:21] [Server thread/INFO]: [FurnitureLib] FurnitureLib try to load models for world (world_the_end)
[09:16:21] [Server thread/INFO]: [FurnitureLib] No Models are found in world: world_the_end
[09:16:21] [Server thread/INFO]: [FurnitureLib] FurnitureLib Load 42 model schematics into Ram. Took 505ms
[09:16:21] [Server thread/INFO]: Furniture load finish :)
[09:16:21] [Server thread/INFO]: ==========================================
[09:16:21] [Server thread/INFO]: [MythicMobs] Enabling MythicMobs v5.6.2-3e052553
[09:16:21] [Server thread/INFO]: [MythicMobs] Loading MythicMobs for Paper (MC: 1.19.4)...[0m
[09:16:21] [Server thread/INFO]: [MythicMobs] The server is running Paper; enabled Paper exclusive functionality[0m
[09:16:23] [Server thread/INFO]: [MythicMobs] Mythic ProtocolLib Support has been enabled![0m
[09:16:23] [Server thread/INFO]: [MythicMobs] Mythic Vault Support has been enabled![0m
[09:16:23] [Server thread/INFO]: [MythicMobs] Mythic WorldGuard Support has been enabled![0m
[09:16:23] [Server thread/INFO]: [MythicMobs] Base directory /workspaces/bruh/plugins/MythicMobs/data
[09:16:23] [Server thread/INFO]: [MythicMobs] Module directory /workspaces/bruh/plugins/MythicMobs/data/worlds
[09:16:24] [Server thread/INFO]: [MythicMobs] Loading Packs...[0m
[09:16:25] [Server thread/INFO]: [MythicMobs] Loading Items...[0m
[09:16:25] [Server thread/INFO]: [MythicMobs] Loading Item Groups...[0m
[09:16:25] [Server thread/INFO]: [MythicMobs] Loading Skills...[0m
[09:16:25] [Server thread/INFO]: [MythicMobs] Loading Drop Tables...[0m
[09:16:25] [Server thread/INFO]: [MythicMobs] Loading Random Spawns...[0m
[09:16:25] [Server thread/INFO]: [MythicMobs] Loading Spawn Blocks...[0m
[09:16:25] [Server thread/INFO]: [MythicMobs] [32m✓[37m Loaded 29 mobs.[0m
[09:16:25] [Server thread/INFO]: [MythicMobs] [32m✓[37m Loaded 3 vanilla mob overrides.[0m
[09:16:25] [Server thread/INFO]: [MythicMobs] [32m✓[37m Loaded 0 mob stacks.[0m
[09:16:25] [Server thread/INFO]: [MythicMobs] [32m✓[37m Loaded 67 skills.[0m
[09:16:25] [Server thread/INFO]: [MythicMobs] [32m✓[37m Loaded 0 random spawns.[0m
[09:16:25] [Server thread/INFO]: [MythicMobs] [32m✓[37m Loaded 68 mythic items.[0m
[09:16:25] [Server thread/INFO]: [MythicMobs] [32m✓[37m Loaded 2 drop tables.[0m
[09:16:25] [Server thread/INFO]: [MythicMobs] [32m✓[37m Loaded 0 mob spawners.[0m
[09:16:25] [Server thread/INFO]: [MythicMobs] MythicMobs configuration file loaded successfully.[0m
[09:16:25] [Server thread/INFO]: [MythicMobs] Started up bStats Metrics[0m
[09:16:25] [Server thread/INFO]: [MythicMobs] [32m✓ MythicMobs Premium v5.6.2 ( build 3e052553 ) has been successfully loaded![0m[0m
[09:16:25] [Server thread/INFO]: [MythicMobs] Model Engine Compatibility Loaded.[0m
[09:16:25] [Server thread/INFO]: [ModelEngine] [S] Compatibility applied: MythicMobs[0m
[09:16:25] [Server thread/INFO]: [ViaBackwards] Enabling ViaBackwards v5.0.1
[09:16:25] [Server thread/INFO]: [ProdigyNightclub] Enabling ProdigyNightclub v3.1.2
[09:16:26] [Server thread/INFO]:     ____                 ___                _   ___       __    __  ________      __ 
[09:16:26] [Server thread/INFO]:    / __ \_________  ____/ (_)___ ___  __   / | / (_)___ _/ /_  / /_/ ____/ /_  __/ /_
[09:16:26] [Server thread/INFO]:   / /_/ / ___/ __ \/ __  / / __ `/ / / /  /  |/ / / __ `/ __ \/ __/ /   / / / / / __ \
[09:16:26] [Server thread/INFO]:  / ____/ /  / /_/ / /_/ / / /_/ / /_/ /  / /|  / / /_/ / / / / /_/ /___/ / /_/ / /_/ /
[09:16:26] [Server thread/INFO]: /_/   /_/   \____/\__,_/_/\__, /\__, /  /_/ |_/_/\__, /_/ /_/\__/\____/_/\__,_/_.___/
[09:16:26] [Server thread/INFO]:                          /____//____/           /____/                 
[09:16:26] [Server thread/INFO]:         The prodigy is the man who knows how to become the king of the party ©
[09:16:26] [Server thread/INFO]: Info: Vault economy is loaded ! Ticket purchase system is now allowed 
[09:16:27] [Server thread/INFO]: [ProdigyNightclub] [ACF] Enabled Asynchronous Tab Completion Support!
[09:16:27] [Server thread/INFO]: [OpenAudioMc] Enabling OpenAudioMc v6.10.2
[09:16:27] [Server thread/INFO]: [OpenAudioMc] [info] Starting OpenAudioMc, build 1446 by Mats
[09:16:27] [Server thread/INFO]: [OpenAudioMc] [info] Using the main config file..
[09:16:27] [Server thread/INFO]: [OpenAudioMc] [info] Starting configuration module
[09:16:27] [Server thread/INFO]: [OpenAudioMc] [info] Using the main config file..
[09:16:27] [Server thread/INFO]: [OpenAudioMc] [info] Starting configuration module
[09:16:27] [Server thread/INFO]: [OpenAudioMc] [info] Detected md_5 chat support, using default user adapter
[09:16:27] [Server thread/INFO]: [OpenAudioMc] [info] Skipped 43/43 migrations.
[09:16:27] [Server thread/INFO]: [OpenAudioMc] [info] ModuleLoaderService: Loading modules from /workspaces/bruh/plugins/OpenAudioMc/modules
[09:16:27] [Server thread/INFO]: [OpenAudioMc] [info] Using networking class com.craftmend.openaudiomc.generic.networking.DefaultNetworkingService
[09:16:27] [Server thread/INFO]: [OpenAudioMc] [info] Initializing connection service...
[09:16:27] [Server thread/INFO]: [OpenAudioMc] [info] Starting authentication module
[09:16:27] [Server thread/INFO]: [OpenAudioMc] [info] This server already has an account, skipping sign up.
[09:16:27] [Server thread/INFO]: [OpenAudioMc] [info] DatabaseService: Adding spigot tables
[09:16:27] [Server thread/INFO]: [OpenAudioMc] [info] Registering storage table for Alias
[09:16:27] [Server thread/INFO]: [OpenAudioMc] [info] DatabaseService: Registering class <-> table (alias<->Alias.java)
[09:16:27] [Server thread/INFO]: [OpenAudioMc] [info] Registering storage table for ClientDataStore
[09:16:27] [Server thread/INFO]: [OpenAudioMc] [info] DatabaseService: Registering class <-> table (client_data_store<->ClientDataStore.java)
[09:16:27] [Server thread/INFO]: [OpenAudioMc] [info] Registering storage table for MojangProfile
[09:16:27] [Server thread/INFO]: [OpenAudioMc] [info] DatabaseService: Registering class <-> table (mojang_profile<->MojangProfile.java)
[09:16:27] [Server thread/INFO]: [OpenAudioMc] [info] Registering storage table for RegionProperties
[09:16:27] [Server thread/INFO]: [OpenAudioMc] [info] DatabaseService: Registering class <-> table (region_properties<->RegionProperties.java)
[09:16:27] [Server thread/INFO]: [OpenAudioMc] [info] Registering storage table for Speaker
[09:16:27] [Server thread/INFO]: [OpenAudioMc] [info] DatabaseService: Registering class <-> table (speaker<->Speaker.java)
[09:16:27] [Server thread/INFO]: [OpenAudioMc] [info] Registering storage table for StoredWorldChunk
[09:16:27] [Server thread/INFO]: [OpenAudioMc] [info] DatabaseService: Registering class <-> table (stored_world_chunk<->StoredWorldChunk.java)
[09:16:27] [Server thread/INFO]: [OpenAudioMc] [info] Registering storage table for TimedRegionProperties
[09:16:27] [Server thread/INFO]: [OpenAudioMc] [info] DatabaseService: Registering class <-> table (timed_region_properties<->TimedRegionProperties.java)
[09:16:27] [Server thread/INFO]: [OpenAudioMc] [info] Registering storage table for MediaRule
[09:16:27] [Server thread/INFO]: [OpenAudioMc] [info] DatabaseService: Registering class <-> table (media_rule<->MediaRule.java)
[09:16:27] [Server thread/INFO]: [OpenAudioMc] [info] Initializing account details
[09:16:27] [Server thread/INFO]: [OpenAudioMc] [info] The server is empty! ignoring voice chat.
[09:16:27] [Server thread/INFO]: [OpenAudioMc] [info] Loading aliases...
[09:16:27] [Server thread/INFO]: [OpenAudioMc] [info] Loaded 0 aliases
[09:16:27] [Server thread/INFO]: [OpenAudioMc] [info] Detected version type: MODERN
[09:16:27] [Server thread/INFO]: [OpenAudioMc] [info] Enabling the 1.13 speaker system
[09:16:27] [Server thread/INFO]: [OpenAudioMc] [info] Starting redstone speaker tick task with interval 5 ticks
[09:16:27] [Server thread/INFO]: [OpenAudioMc] [info] Registering storage table for Playlist
[09:16:27] [Server thread/INFO]: [OpenAudioMc] [info] DatabaseService: Registering class <-> table (playlists<->Playlist.java)
[09:16:27] [Server thread/INFO]: [OpenAudioMc] [info] Registering storage table for PlaylistEntry
[09:16:27] [Server thread/INFO]: [OpenAudioMc] [info] DatabaseService: Registering class <-> table (playlist_entries<->PlaylistEntry.java)
[09:16:28] [Server thread/INFO]: [OpenAudioMc] [info] Loaded 9 media chunks from file.
[09:16:28] [Server thread/INFO]: [OpenAudioMc] [info] Enabling voicechat channel filter
[09:16:28] [Server thread/INFO]: [OpenAudioMc] [info] Loading static voice channels..
[09:16:28] [Server thread/INFO]: [OpenAudioMc] [info] Created static channel: survival
[09:16:28] [Server thread/INFO]: [OpenAudioMc] [info] Created static channel: off-topic
[09:16:28] [Server thread/INFO]: [OpenAudioMc] [info] Created static channel: staff-chat
[09:16:28] [Server thread/INFO]: [OpenAudioMc] [info] Loaded 3 static voice channels
[09:16:28] [Server thread/INFO]: [OpenAudioMc] [info] Plugin Essentials is already enabled, running handler
[09:16:28] [Server thread/INFO]: [OpenAudioMc] [info] Plugin WorldGuard is already enabled, running handler
[09:16:28] [Server thread/INFO]: [OpenAudioMc] [info] Turns out you have WorldGuard installed! enabling regions and the region tasks..
[09:16:28] [Server thread/INFO]: [OpenAudioMc] [info] Enabling the newer 1.13 regions
[09:16:28] [Server thread/INFO]: [OpenAudioMc] [info] Scanning 7 regions for duplicates (out of 7 total regions)
[09:16:28] [Server thread/INFO]: [OpenAudioMc] [info] No duplicate regions found, skipping cleanup...
[09:16:28] [Server thread/INFO]: [OpenAudioMc] [info] Plugin Train_Carts is already enabled, running handler
[09:16:28] [Server thread/INFO]: [OpenAudioMc] [info] The legacy cdn exporter is disabled, skipping boot.
[09:16:28] [Server thread/INFO]: [OpenAudioMc] [info] Starting and loading took 34026MS
[09:16:28] [Server thread/INFO]: [InvisibleItemFrames] Enabling InvisibleItemFrames v2.16.1
[09:16:28] [Server thread/INFO]: [InvisibleItemFrames] Initializing managers...
[09:16:28] [Server thread/INFO]: [InvisibleItemFrames] MemoryDataManager initialized!
[09:16:28] [Server thread/INFO]: [InvisibleItemFrames] Using Paper Implementation!
[09:16:28] [Server thread/INFO]: [InvisibleItemFrames] ImplementationManager initialized!
[09:16:28] [Server thread/INFO]: [InvisibleItemFrames] BlockLockerManager initialized!
[09:16:28] [Server thread/INFO]: [InvisibleItemFrames] Registering commands...
[09:16:28] [Server thread/INFO]: [InvisibleItemFrames] Registering listeners...
[09:16:28] [Server thread/INFO]: [InvisibleItemFrames] Loading data...
[09:16:28] [Server thread/INFO]: [InvisibleItemFrames] Starting metrics...
[09:16:28] [Server thread/INFO]: [InvisibleItemFrames] Done and enabled in 26.94ms
[09:16:28] [Server thread/INFO]: [DiceFurniture] Enabling DiceFurniture v3.9.2
[09:16:28] [Server thread/INFO]: [ImageFrame] Enabling ImageFrame v1.7.10.0
[09:16:28] [Server thread/INFO]: [ImageFrame] ImageFrame has hooked into ViaVersion!
[09:16:29] [Server thread/INFO]: [ImageFrame] ImageFrame has been Enabled!
[09:16:29] [Server thread/INFO]: [TCCoasters] Enabling TCCoasters v1.20.6-v1
[09:16:29] [Server thread/INFO]: [TCCoasters] TCCoasters version 1.20.6-v1 (build: 344) enabled! (0.217s)
[09:16:29] [Server thread/INFO]: [CommandBlockAsPlayer] Enabling CommandBlockAsPlayer v1.19.2.a.2
[09:16:29] [Server thread/INFO]: [CommandBlockAsPlayer] CommandBlockAsPlayer from TheTealViper initializing!
[09:16:29] [Server thread/INFO]: [MythicCrucible] Enabling MythicCrucible v2.0.0-SNAPSHOT
[09:16:29] [Server thread/INFO]: [MythicMobs] §6------------------------------------------------
[09:16:29] [Server thread/INFO]: [MythicMobs] §b+ Loading MythicCrucible for Bukkit
[09:16:29] [Server thread/INFO]: [MythicMobs] §6------------------------------------------------
[09:16:29] [Server thread/INFO]: [MythicMobs] Registering Durability Listener
[09:16:34] [Server thread/INFO]: [MythicMobs] Started up bStats Metrics
[09:16:34] [Server thread/INFO]: [MythicMobs] MythicCrucible Support has been enabled![0m
[09:16:34] [Server thread/INFO]: [MythicMobs] MythicCrucible WorldEdit support enabled!
[09:16:34] [Server thread/INFO]: [MythicMobs] [32m✓ MythicCrucible  v2.0.0 has been successfully loaded![0m[0m
[09:16:34] [Server thread/INFO]: [EssentialsChat] Enabling EssentialsChat v2.20.1
[09:16:34] [Server thread/INFO]: [EssentialsChat] Starting Metrics. Opt-out using the global bStats config.
[09:16:34] [Server thread/INFO]: [EssentialsSpawn] Enabling EssentialsSpawn v2.20.1
[09:16:34] [Server thread/INFO]: [EssentialsSpawn] Starting Metrics. Opt-out using the global bStats config.
[09:16:34] [Server thread/INFO]: [GSit] Enabling GSit v1.9.5
[09:16:34] [Server thread/INFO]: [GSit] The plugin was successfully enabled.
[09:16:34] [Server thread/INFO]: [GSit] Link with ViaVersion successful!
[09:16:34] [Server thread/INFO]: [GSit] Link with WorldGuard successful!
[09:16:34] [Server thread/INFO]: [MythicLib] Enabling MythicLib v1.6.1
[09:16:34] [Server thread/INFO]: [MythicMobs] MMO Plugin Support has been enabled![0m
[09:16:34] [Server thread/INFO]: [MythicLib] Hooked onto MythicMobs
[09:16:34] [Server thread/INFO]: [MythicLib] Hooked onto ProtocolLib
[09:16:34] [Server thread/INFO]: Running delayed init tasks
[09:16:34] [Craft Scheduler Thread - 5 - ModelEngine/INFO]: [ModelEngine] [A] [0m
[09:16:34] [Craft Scheduler Thread - 5 - ModelEngine/INFO]: [ModelEngine] [A] [1m[36m[Importing models][0m
[09:16:34] [Server thread/INFO]: [Essentials] Essentials found a compatible payment resolution method: Vault Compatibility Layer (v1.7.3-b131)!
[09:16:34] [Craft Scheduler Thread - 4 - ViaVersion/INFO]: [ViaVersion] Finished mapping loading, shutting down loader executor!
[09:16:34] [Craft Scheduler Thread - 5 - ModelEngine/INFO]: [ModelEngine] [A] [0m
[09:16:34] [Craft Scheduler Thread - 5 - ModelEngine/INFO]: [ModelEngine] [A] [36mImporting blackballoon_em.bbmodel.[0m
[09:16:34] [Craft Scheduler Thread - 10 - Essentials/INFO]: [Essentials] Fetching version information...
[09:16:34] [Craft Scheduler Thread - 12 - Vault/INFO]: [Vault] Checking for Updates ... 
[09:16:34] [Craft Scheduler Thread - 11 - ProdigyNightclub/INFO]: There is a new update available on spigot:  
[09:16:34] [Craft Scheduler Thread - 11 - ProdigyNightclub/INFO]: https://www.spigotmc.org/resources/prodigynightclub.58234/updates
[09:16:34] [Craft Scheduler Thread - 5 - ModelEngine/INFO]: [ModelEngine] [A] [0m
[09:16:34] [Craft Scheduler Thread - 5 - ModelEngine/INFO]: [ModelEngine] [A] [36mImporting blueballoon_em.bbmodel.[0m
[09:16:34] [Craft Scheduler Thread - 5 - ModelEngine/INFO]: [ModelEngine] [A] [0m
[09:16:34] [Craft Scheduler Thread - 5 - ModelEngine/INFO]: [ModelEngine] [A] [36mImporting greenballoon_em.bbmodel.[0m
[09:16:34] [Craft Scheduler Thread - 5 - ModelEngine/INFO]: [ModelEngine] [A] [0m
[09:16:34] [Craft Scheduler Thread - 5 - ModelEngine/INFO]: [ModelEngine] [A] [36mImporting magentaballoon_em.bbmodel.[0m
[09:16:34] [Craft Scheduler Thread - 8 - SkinsRestorer/WARN]: [33;1m[[32;22mSkinsRestorer[33;1m] [0;39mFailed to get release info from api.github.com. 
 If this message is repeated a lot, please see https://skinsrestorer.net/firewall[0;39m
[09:16:34] [Craft Scheduler Thread - 5 - ModelEngine/INFO]: [ModelEngine] [A] [0m
[09:16:34] [Craft Scheduler Thread - 5 - ModelEngine/INFO]: [ModelEngine] [A] [36mImporting redballoon_em.bbmodel.[0m
[09:16:34] [Craft Scheduler Thread - 5 - ModelEngine/INFO]: [ModelEngine] [A] [0m
[09:16:34] [Craft Scheduler Thread - 5 - ModelEngine/INFO]: [ModelEngine] [A] [36mImporting violetballoon_em.bbmodel.[0m
[09:16:34] [Craft Scheduler Thread - 5 - ModelEngine/INFO]: [ModelEngine] [A] [0m
[09:16:34] [Craft Scheduler Thread - 5 - ModelEngine/INFO]: [ModelEngine] [A] [36mImporting whiteballoon_em.bbmodel.[0m
[09:16:34] [Craft Scheduler Thread - 5 - ModelEngine/INFO]: [ModelEngine] [A] [0m
[09:16:34] [Craft Scheduler Thread - 5 - ModelEngine/INFO]: [ModelEngine] [A] [36mImporting yellowballoon_em.bbmodel.[0m
[09:16:34] [Craft Scheduler Thread - 5 - ModelEngine/INFO]: [ModelEngine] [A] [0m
[09:16:34] [Craft Scheduler Thread - 5 - ModelEngine/INFO]: [ModelEngine] [A] [36mImporting em_choco_cake.bbmodel.[0m
[09:16:34] [Craft Scheduler Thread - 5 - ModelEngine/INFO]: [ModelEngine] [A] [0m
[09:16:34] [Craft Scheduler Thread - 5 - ModelEngine/INFO]: [ModelEngine] [A] [36mImporting em_framboise_cake.bbmodel.[0m
[09:16:34] [Craft Scheduler Thread - 5 - ModelEngine/INFO]: [ModelEngine] [A] [0m
[09:16:34] [Craft Scheduler Thread - 5 - ModelEngine/INFO]: [ModelEngine] [A] [36mImporting em_passionfruit_cake.bbmodel.[0m
[09:16:34] [Craft Scheduler Thread - 5 - ModelEngine/INFO]: [ModelEngine] [A] [0m
[09:16:34] [Craft Scheduler Thread - 5 - ModelEngine/INFO]: [ModelEngine] [A] [36mImporting em_redvelvet_cake.bbmodel.[0m
[09:16:34] [Craft Scheduler Thread - 5 - ModelEngine/INFO]: [ModelEngine] [A] [0m
[09:16:34] [Craft Scheduler Thread - 5 - ModelEngine/INFO]: [ModelEngine] [A] [36mImporting em_strawberry_cake.bbmodel.[0m
[09:16:34] [Craft Scheduler Thread - 5 - ModelEngine/INFO]: [ModelEngine] [A] [0m
[09:16:34] [Craft Scheduler Thread - 5 - ModelEngine/INFO]: [ModelEngine] [A] [36mImporting em_confetti_resources.bbmodel.[0m
[09:16:34] [Craft Scheduler Thread - 5 - ModelEngine/INFO]: [ModelEngine] [A] [0m
[09:16:34] [Craft Scheduler Thread - 5 - ModelEngine/INFO]: [ModelEngine] [A] [36mImporting em_confetto_marker.bbmodel.[0m
[09:16:34] [Craft Scheduler Thread - 5 - ModelEngine/INFO]: [ModelEngine] [A] [0m
[09:16:34] [Craft Scheduler Thread - 5 - ModelEngine/INFO]: [ModelEngine] [A] [36mImporting beepinata_em.bbmodel.[0m
[09:16:34] [Craft Scheduler Thread - 5 - ModelEngine/INFO]: [ModelEngine] [A] [0m
[09:16:34] [Craft Scheduler Thread - 5 - ModelEngine/INFO]: [ModelEngine] [A] [36mImporting burritopinata_em.bbmodel.[0m
[09:16:35] [Craft Scheduler Thread - 5 - ModelEngine/INFO]: [ModelEngine] [A] [0m
[09:16:35] [Craft Scheduler Thread - 5 - ModelEngine/INFO]: [ModelEngine] [A] [36mImporting creeperpinata_em.bbmodel.[0m
[09:16:35] [Craft Scheduler Thread - 12 - Vault/INFO]: [Vault] No new version available
[09:16:35] [Craft Scheduler Thread - 5 - ModelEngine/INFO]: [ModelEngine] [A] [0m
[09:16:35] [Craft Scheduler Thread - 5 - ModelEngine/INFO]: [ModelEngine] [A] [36mImporting genericpinata_em.bbmodel.[0m
[09:16:35] [Craft Scheduler Thread - 5 - ModelEngine/INFO]: [ModelEngine] [A] [0m
[09:16:35] [Craft Scheduler Thread - 5 - ModelEngine/INFO]: [ModelEngine] [A] [36mImporting tntpinata_em.bbmodel.[0m
[09:16:35] [Craft Scheduler Thread - 10 - Essentials/WARN]: [Essentials] Unable to check your version! Self-built? Build information: id:'2.20.1' branch:'2.x' isDev:false.
[09:16:35] [Server thread/WARN]: [ViaVersion] There is a newer plugin version available: 5.0.3, you're on: 5.0.1
[09:16:35] [Server thread/INFO]: Done (42.935s)! For help, type "help"
[09:16:35] [Server thread/INFO]: Timings Reset
[09:16:35] [Craft Scheduler Thread - 5 - ModelEngine/INFO]: [ModelEngine] [A] [0m
[09:16:35] [Craft Scheduler Thread - 5 - ModelEngine/INFO]: [ModelEngine] [A] [38;5;46mResource pack zipped.[0m
[09:16:37] [Server thread/INFO]: [MythicMobs] Loading ProtocolLib listeners...
[09:16:37] [Server thread/INFO]: [MythicMobs] Attached traits to items.
[09:16:37] [Server thread/INFO]: [MythicMobs] Loaded 68 items.
[09:16:38] [Craft Scheduler Thread - 13 - ImageFrame/INFO]: [ImageFrame] Data loading completed! Loaded 46 ImageMaps!
[09:17:30] [User Authenticator #0/INFO]: UUID of player Legendaryxxx is f740b3e1-520d-33ee-af20-d4486f8896ef
[09:17:31] [Server thread/INFO]: Legendaryxxx joined the game
[09:17:31] [Server thread/INFO]: Legendaryxxx[/[0:0:0:0:0:0:0:1%0]:52798] logged in with entity id 2604 at ([world]347.9484109264941, 146.0, 251.5018309970961)
[09:17:31] [Server thread/WARN]: [Essentials] File motd.txt does not exist. Creating one for you.
[09:17:37] [Craft Scheduler Thread - 19 - OpenAudioMc/INFO]: [OpenAudioMc] [info] Attempting to login to voice chat...
[09:17:37] [OaVoiceWorker/INFO]: [OpenAudioMc] [info] Voice chat connected!
[09:17:55] [Server thread/INFO]: Legendaryxxx issued server command: /lp editor
[09:18:09] [Server thread/INFO]: Legendaryxxx issued server command: /lp trusteditor d6ae-0f54
[09:18:56] [Server thread/INFO]: [Essentials] CommandBlock at 374,173,251 issued server command: /tp @a 618 74 221
[09:18:58] [Server thread/INFO]: [Essentials] CommandBlock at 374,173,251 issued server command: /tp @a 618 74 221
[09:19:10] [Server thread/INFO]: [Essentials] CommandBlock at 374,173,251 issued server command: /tp @a 618 74 221
[09:20:50] [Server thread/INFO]: Legendaryxxx issued server command: /essentials reload
[09:20:50] [Server thread/INFO]: [Essentials] Loaded 39097 items from items.json.
[09:20:50] [Server thread/INFO]: [Essentials] Using locale en
[09:20:50] [Server thread/INFO]: [Essentials] ServerListPingEvent: Spigot iterator API
[09:20:52] [Server thread/INFO]: [Essentials] CommandBlock at 374,173,251 issued server command: /tp @a 618 74 221
[09:21:48] [Server thread/INFO]: Legendaryxxx issued server command: /essentials reload
[09:21:48] [Server thread/INFO]: [Essentials] Loaded 39097 items from items.json.
[09:21:48] [Server thread/INFO]: [Essentials] Using locale en
[09:21:48] [Server thread/INFO]: [Essentials] ServerListPingEvent: Spigot iterator API
[09:21:49] [Server thread/INFO]: [@: Teleported Legendaryxxx to 618.500000, 74.000000, 221.500000]
[09:21:52] [Server thread/INFO]: Legendaryxxx issued server command: /back
[09:27:18] [luckperms-worker-9/INFO]: [LP] LOG > (Legendaryxxx) [G] (hbd)
[09:27:18] [luckperms-worker-9/INFO]: [LP] LOG > webeditor add prefix.0.&d[Birthday Girl UwU] true
[09:27:36] [EventThread/INFO]: [OpenAudioMc] [info] The server closed the primary connection, but we were already aware of this. Ignoring.
[09:27:52] [Server thread/INFO]: Legendaryxxx issued server command: /lp group hbd
[09:28:01] [Server thread/INFO]: Legendaryxxx lost connection: Disconnected
[09:28:01] [Server thread/INFO]: Legendaryxxx left the game
[09:28:29] [Server thread/INFO]: Stopping the server
[09:28:29] [Server thread/INFO]: Stopping server
[09:28:29] [Server thread/INFO]: [MythicLib] Disabling MythicLib v1.6.1
[09:28:29] [Server thread/INFO]: [GSit] Disabling GSit v1.9.5
[09:28:29] [Server thread/INFO]: [GSit] The plugin was successfully disabled.
[09:28:29] [Server thread/INFO]: [EssentialsSpawn] Disabling EssentialsSpawn v2.20.1
[09:28:29] [Server thread/INFO]: [EssentialsChat] Disabling EssentialsChat v2.20.1
[09:28:29] [Server thread/INFO]: [SkinsRestorer] Disabling SkinsRestorer v15.0.15
[09:28:29] [Server thread/INFO]: [MythicCrucible] Disabling MythicCrucible v2.0.0-SNAPSHOT
[09:28:29] [Server thread/INFO]: [CommandBlockAsPlayer] Disabling CommandBlockAsPlayer v1.19.2.a.2
[09:28:29] [Server thread/INFO]: SimpleChatShop from TheTealViper shutting down. Bshzzzzzz
[09:28:29] [Server thread/INFO]: [ModelEngine] Disabling ModelEngine vR4.0.6
[09:28:29] [Server thread/INFO]: [TCCoasters] Disabling TCCoasters v1.20.6-v1
[09:28:29] [Server thread/INFO]: [TCCoasters] TCCoasters disabled!
[09:28:29] [Server thread/INFO]: [ImageFrame] Disabling ImageFrame v1.7.10.0
[09:28:29] [Server thread/INFO]: [ImageFrame] ImageFrame has been Disabled!
[09:28:29] [Server thread/INFO]: [DiceFurniture] Disabling DiceFurniture v3.9.2
[09:28:29] [Server thread/INFO]: [InvisibleItemFrames] Disabling InvisibleItemFrames v2.16.1
[09:28:29] [Server thread/INFO]: [InvisibleItemFrames] Done and disabled!
[09:28:29] [Server thread/INFO]: [InvisibleItemFrames] If you liked the plugin, don't forget to give a ★★★★★ rating!
[09:28:29] [Server thread/INFO]: [InvisibleItemFrames] Thank you and have a great day!
[09:28:29] [Server thread/INFO]: [OpenAudioMc] Disabling OpenAudioMc v6.10.2
[09:28:29] [Server thread/INFO]: [OpenAudioMc] [info] Shutting down
[09:28:29] [Server thread/INFO]: [OpenAudioMc] [info] Saving world cache...
[09:28:30] [Server thread/INFO]: [OpenAudioMc] [info] Saved 9 media chunks to db.
[09:28:30] [Server thread/INFO]: [OpenAudioMc] [info] Stopped OpenAudioMc. Goodbye.
[09:28:30] [Server thread/INFO]: [ProdigyNightclub] Disabling ProdigyNightclub v3.1.2
[09:28:30] [Server thread/INFO]: [ViaBackwards] Disabling ViaBackwards v5.0.1
[09:28:30] [Server thread/INFO]: [MythicMobs] Disabling MythicMobs v5.6.2-3e052553
[09:28:30] [Server thread/INFO]: [MythicMobs] [35m[1m------------------------------------------------------------[0m[0m
[09:28:30] [Server thread/INFO]: [MythicMobs] [35m[1m- [0m[0m
[09:28:30] [Server thread/INFO]: [MythicMobs] [35m[1m- [33mUnloading Mythic...[0m[0m
[09:28:30] [Server thread/INFO]: [MythicMobs] [35m[1m- [0m[0m
[09:28:30] [Server thread/INFO]: [MythicMobs] [35m[1m------------------------------------------------------------[0m[0m
[09:28:30] [Server thread/INFO]: [MythicMobs] [35m[1m- [0mSpawners saved and unloaded...[0m[0m
[09:28:30] [Server thread/INFO]: [MythicMobs] [35m[1m- [0mMobs saved and unloaded...[0m[0m
[09:28:30] [Server thread/INFO]: [MythicMobs] Saving plugin data...[0m
[09:28:30] [Server thread/INFO]: [MythicMobs] [32m✓[37mSaving Finished[0m
[09:28:30] [Server thread/INFO]: [MythicMobs] [35m[1m- [0mVariables saved...[0m[0m
[09:28:30] [Server thread/INFO]: [MythicMobs] [35m[1m- [0mAll active settings have been saved![0m[0m
[09:28:30] [Server thread/INFO]: [MythicMobs] [35m[1m- [0mMythic has been unloaded![0m[0m
[09:28:30] [Server thread/INFO]: [MythicMobs] [35m[1m------------------------------------------------------------[0m[0m
[09:28:30] [Server thread/INFO]: [MythicMobs] Saving plugin data...[0m
[09:28:30] [Server thread/INFO]: [MythicMobs] [32m✓[37mSaving Finished[0m
[09:28:30] [Server thread/INFO]: [FurnitureLib] Disabling FurnitureLib v3.2.2
[09:28:30] [Server thread/INFO]: [FurnitureLib] ==========================================
[09:28:30] [Server thread/INFO]: [FurnitureLib] Furniture shutdown started
[09:28:30] [Server thread/INFO]: [de.Ste3et_C0st.FurnitureLib.Database.com.zaxxer.hikari.HikariDataSource] FurnitureLib - Starting...
[09:28:30] [Server thread/INFO]: [de.Ste3et_C0st.FurnitureLib.Database.com.zaxxer.hikari.HikariDataSource] FurnitureLib - Start completed.
[09:28:30] [Server thread/INFO]: [FurnitureLib] FurnitureLib Started SQLite database. Took 2ms
[09:28:30] [Server thread/INFO]: [FurnitureLib] Furniture save started
[09:28:30] [Server thread/INFO]: [FurnitureLib] ==========================================
[09:28:30] [Server thread/INFO]: [Train_Carts] Disabling Train_Carts v1.20.6-v1
[09:28:31] [Server thread/INFO]: [Train_Carts] Train_Carts disabled!
[09:28:31] [Server thread/INFO]: [Essentials] Disabling Essentials v2.20.1
[09:28:31] [Server thread/INFO]: [Vault] [Economy] Essentials Economy unhooked.
[09:28:31] [Server thread/INFO]: [WorldGuard] Disabling WorldGuard v7.0.8+33cdb4a
[09:28:31] [Server thread/INFO]: [WorldGuard] Shutting down executor and cancelling any pending tasks...
[09:28:31] [Server thread/INFO]: [BKCommonLib] Disabling BKCommonLib v1.20.6-v1
[09:28:31] [Server thread/INFO]: [WorldEdit] Disabling WorldEdit v7.3.0+6678-55745ad
[09:28:31] [Server thread/INFO]: Unregistering com.sk89q.worldedit.bukkit.BukkitServerInterface from WorldEdit
[09:28:31] [Server thread/INFO]: [ProtocolLib] Disabling ProtocolLib v5.2.0-SNAPSHOT-679
[09:28:31] [Server thread/INFO]: [Vault] Disabling Vault v1.7.3-b131
[09:28:31] [Server thread/INFO]: [LuckPerms] Disabling LuckPerms v5.4.116
[09:28:31] [Server thread/INFO]: [LuckPerms] Starting shutdown process...
[09:28:31] [Server thread/INFO]: [LuckPerms] Closing storage...
[09:28:31] [Server thread/INFO]: [LuckPerms] Goodbye!
[09:28:31] [Server thread/INFO]: [ViaVersion] Disabling ViaVersion v5.0.1
[09:28:31] [Server thread/INFO]: [ViaVersion] ViaVersion is disabling, if this is a reload and you experience issues consider rebooting.
[09:28:31] [Server thread/INFO]: Saving players
[09:28:31] [Server thread/INFO]: Saving worlds
[09:28:31] [Server thread/INFO]: Saving chunks for level 'ServerLevel[world]'/minecraft:overworld
[09:28:31] [Server thread/INFO]: [ChunkHolderManager] Waiting 60s for chunk system to halt for world 'world'
[09:28:31] [Server thread/INFO]: [ChunkHolderManager] Halted chunk system for world 'world'
[09:28:31] [Server thread/INFO]: [ChunkHolderManager] Saving all chunkholders for world 'world'
[09:28:31] [Server thread/INFO]: [ChunkHolderManager] Saved 51 block chunks, 68 entity chunks, 0 poi chunks in world 'world' in 0.11s
[09:28:31] [Server thread/INFO]: ThreadedAnvilChunkStorage (world): All chunks are saved
[09:28:31] [Server thread/INFO]: Saving chunks for level 'ServerLevel[world_nether]'/minecraft:the_nether
[09:28:31] [Server thread/INFO]: [ChunkHolderManager] Waiting 60s for chunk system to halt for world 'world_nether'
[09:28:31] [Server thread/INFO]: [ChunkHolderManager] Halted chunk system for world 'world_nether'
[09:28:31] [Server thread/INFO]: [ChunkHolderManager] Saving all chunkholders for world 'world_nether'
[09:28:31] [Server thread/INFO]: [ChunkHolderManager] Saved 0 block chunks, 26 entity chunks, 0 poi chunks in world 'world_nether' in 0.00s
[09:28:31] [Server thread/INFO]: ThreadedAnvilChunkStorage (DIM-1): All chunks are saved
[09:28:31] [Server thread/INFO]: Saving chunks for level 'ServerLevel[world_the_end]'/minecraft:the_end
[09:28:31] [Server thread/INFO]: [ChunkHolderManager] Waiting 60s for chunk system to halt for world 'world_the_end'
[09:28:31] [Server thread/INFO]: [ChunkHolderManager] Halted chunk system for world 'world_the_end'
[09:28:31] [Server thread/INFO]: [ChunkHolderManager] Saving all chunkholders for world 'world_the_end'
[09:28:31] [Server thread/INFO]: [ChunkHolderManager] Saved 10 block chunks, 10 entity chunks, 0 poi chunks in world 'world_the_end' in 0.01s
[09:28:31] [Server thread/INFO]: ThreadedAnvilChunkStorage (DIM1): All chunks are saved
[09:28:31] [Server thread/INFO]: ThreadedAnvilChunkStorage: All dimensions are saved
[09:28:31] [Server thread/INFO]: Flushing Chunk IO
[09:28:31] [Server thread/INFO]: Closing Thread Pool
[09:28:31] [Server thread/INFO]: Closing Server
